app/build/intermediates/manifest_merge_blame_file/debug/manifest-merger-blame-debug-report.txt
1<?xml version="1.0" encoding="utf-8"?>
2<manifest xmlns:android="http://schemas.android.com/apk/res/android"
3    package="com.tencent.deeplabv3plusncnn"
4    android:versionCode="1"
5    android:versionName="1.1" >
6
7    <uses-sdk android:minSdkVersion="24" />
7-->src/main/AndroidManifest.xml
8
9    <application
9-->src/main/AndroidManifest.xml:6:5-14:19
10        android:debuggable="true"
11        android:label="deeplabv3plus"
11-->src/main/AndroidManifest.xml:6:18-47
12        android:testOnly="true" >
13        <activity
13-->src/main/AndroidManifest.xml:7:9-13:20
14            android:name="com.tencent.deeplabv3plus.MainActivity"
14-->src/main/AndroidManifest.xml:7:19-46
15            android:label="deeplabv3plus" >
15-->src/main/AndroidManifest.xml:8:19-48
16            <intent-filter>
16-->src/main/AndroidManifest.xml:9:13-12:29
17                <action android:name="android.intent.action.MAIN" />
17-->src/main/AndroidManifest.xml:10:17-69
17-->src/main/AndroidManifest.xml:10:25-66
18
19                <category android:name="android.intent.category.LAUNCHER" />
19-->src/main/AndroidManifest.xml:11:17-77
19-->src/main/AndroidManifest.xml:11:27-74
20            </intent-filter>
21        </activity>
22    </application>
23
24</manifest>